<?xml version="1.0" encoding="UTF-8"?>
<testsuite name="org.gradle.demo.HelloServletTest" tests="3" skipped="0" failures="0" errors="0" timestamp="2018-01-15T01:02:15" hostname="Vynicius-Ubuntu" time="0.553">
  <properties/>
  <testcase name="doPostWithoutName" classname="org.gradle.demo.HelloServletTest" time="0.549"/>
  <testcase name="doGet" classname="org.gradle.demo.HelloServletTest" time="0.001"/>
  <testcase name="doPostWithName" classname="org.gradle.demo.HelloServletTest" time="0.002"/>
  <system-out><![CDATA[]]></system-out>
  <system-err><![CDATA[]]></system-err>
</testsuite>
